Build started 4/22/2015 12:37:28 AM.
Project "\\psf\Home\Documents\STim\Game_1\Game_1.vcxproj" on node 2 (Build target(s)).
ClCompile:
  C:\Program Files\Microsoft Visual Studio 12.0\VC\bin\CL.exe /c /ZI /nologo /W3 /WX- /Od /Oy- /D WIN32 /D _DEBUG /D _CONSOLE /D _LIB /D _UNICODE /D UNICODE /Gm /EHsc /RTC1 /MDd /GS /fp:precise /Zc:wchar_t /Zc:forScope /Fo"Debug\\" /Fd"Debug\vc120.pdb" /Gd /TC /analyze- /errorReport:prompt Stim.c
  Stim.c
\\psf\home\documents\stim\game_1\stim.c(52): warning C4244: 'function' : conversion from 'time_t' to 'unsigned int', possible loss of data
\\psf\home\documents\stim\game_1\stim.c(64): warning C4996: 'scanf': This function or variable may be unsafe. Consider using scanf_s instead. To disable deprecation, use _CRT_SECURE_NO_WARNINGS. See online help for details.
          c:\program files\microsoft visual studio 12.0\vc\include\stdio.h(283) : see declaration of 'scanf'
\\psf\home\documents\stim\game_1\stim.c(67): warning C4996: 'scanf': This function or variable may be unsafe. Consider using scanf_s instead. To disable deprecation, use _CRT_SECURE_NO_WARNINGS. See online help for details.
          c:\program files\microsoft visual studio 12.0\vc\include\stdio.h(283) : see declaration of 'scanf'
\\psf\home\documents\stim\game_1\stim.c(198): warning C4244: '=' : conversion from 'double' to 'int', possible loss of data
\\psf\home\documents\stim\game_1\stim.c(199): warning C4244: '=' : conversion from 'double' to 'int', possible loss of data
\\psf\home\documents\stim\game_1\stim.c(200): warning C4244: '=' : conversion from 'double' to 'int', possible loss of data
\\psf\home\documents\stim\game_1\stim.c(201): warning C4244: '=' : conversion from 'double' to 'int', possible loss of data
\\psf\home\documents\stim\game_1\stim.c(202): warning C4552: '+' : operator has no effect; expected operator with side-effect
\\psf\home\documents\stim\game_1\stim.c(204): warning C4244: '=' : conversion from 'double' to 'int', possible loss of data
\\psf\home\documents\stim\game_1\stim.c(206): warning C4244: '=' : conversion from 'double' to 'int', possible loss of data
\\psf\home\documents\stim\game_1\stim.c(208): warning C4244: '=' : conversion from 'double' to 'int', possible loss of data
\\psf\home\documents\stim\game_1\stim.c(211): warning C4244: '=' : conversion from 'double' to 'int', possible loss of data
\\psf\home\documents\stim\game_1\stim.c(212): warning C4244: '=' : conversion from 'double' to 'int', possible loss of data
\\psf\home\documents\stim\game_1\stim.c(213): warning C4244: '=' : conversion from 'double' to 'int', possible loss of data
\\psf\home\documents\stim\game_1\stim.c(214): warning C4244: '=' : conversion from 'double' to 'int', possible loss of data
\\psf\home\documents\stim\game_1\stim.c(215): warning C4244: '=' : conversion from 'double' to 'int', possible loss of data
\\psf\home\documents\stim\game_1\stim.c(217): warning C4244: '=' : conversion from 'double' to 'int', possible loss of data
\\psf\home\documents\stim\game_1\stim.c(218): warning C4244: '=' : conversion from 'double' to 'int', possible loss of data
\\psf\home\documents\stim\game_1\stim.c(225): warning C4244: '=' : conversion from 'double' to 'int', possible loss of data
\\psf\home\documents\stim\game_1\stim.c(226): warning C4244: '=' : conversion from 'double' to 'int', possible loss of data
\\psf\home\documents\stim\game_1\stim.c(227): warning C4244: '=' : conversion from 'double' to 'int', possible loss of data
\\psf\home\documents\stim\game_1\stim.c(228): warning C4244: '=' : conversion from 'double' to 'int', possible loss of data
\\psf\home\documents\stim\game_1\stim.c(229): warning C4244: '=' : conversion from 'double' to 'int', possible loss of data
\\psf\home\documents\stim\game_1\stim.c(231): warning C4244: '=' : conversion from 'double' to 'int', possible loss of data
\\psf\home\documents\stim\game_1\stim.c(233): warning C4244: '=' : conversion from 'double' to 'int', possible loss of data
\\psf\home\documents\stim\game_1\stim.c(235): warning C4244: '=' : conversion from 'double' to 'int', possible loss of data
\\psf\home\documents\stim\game_1\stim.c(238): warning C4244: '=' : conversion from 'double' to 'int', possible loss of data
\\psf\home\documents\stim\game_1\stim.c(239): warning C4244: '=' : conversion from 'double' to 'int', possible loss of data
\\psf\home\documents\stim\game_1\stim.c(240): warning C4244: '=' : conversion from 'double' to 'int', possible loss of data
\\psf\home\documents\stim\game_1\stim.c(241): warning C4244: '=' : conversion from 'double' to 'int', possible loss of data
\\psf\home\documents\stim\game_1\stim.c(242): warning C4244: '=' : conversion from 'double' to 'int', possible loss of data
\\psf\home\documents\stim\game_1\stim.c(244): warning C4244: '=' : conversion from 'double' to 'int', possible loss of data
\\psf\home\documents\stim\game_1\stim.c(246): warning C4244: '=' : conversion from 'double' to 'int', possible loss of data
\\psf\home\documents\stim\game_1\stim.c(275): warning C4101: 'i' : unreferenced local variable
\\psf\home\documents\stim\game_1\stim.c(274): warning C4101: 'temp' : unreferenced local variable
\\psf\home\documents\stim\game_1\stim.c(303): warning C4996: 'scanf': This function or variable may be unsafe. Consider using scanf_s instead. To disable deprecation, use _CRT_SECURE_NO_WARNINGS. See online help for details.
          c:\program files\microsoft visual studio 12.0\vc\include\stdio.h(283) : see declaration of 'scanf'
\\psf\home\documents\stim\game_1\stim.c(320): warning C4087: 'combat' : declared with 'void' parameter list
\\psf\home\documents\stim\game_1\stim.c(335): warning C4013: 'updateScreen' undefined; assuming extern returning int
\\psf\home\documents\stim\game_1\stim.c(339): warning C4027: function declared without formal parameter list
\\psf\home\documents\stim\game_1\stim.c(344): warning C4244: '=' : conversion from 'double' to 'int', possible loss of data
\\psf\home\documents\stim\game_1\stim.c(345): warning C4244: '=' : conversion from 'double' to 'int', possible loss of data
\\psf\home\documents\stim\game_1\stim.c(351): warning C4244: 'initializing' : conversion from 'double' to 'int', possible loss of data
\\psf\home\documents\stim\game_1\stim.c(378): warning C4244: '+=' : conversion from 'double' to 'int', possible loss of data
\\psf\home\documents\stim\game_1\stim.c(388): warning C4013: 'getch' undefined; assuming extern returning int
\\psf\home\documents\stim\game_1\stim.c(394): warning C4996: 'scanf': This function or variable may be unsafe. Consider using scanf_s instead. To disable deprecation, use _CRT_SECURE_NO_WARNINGS. See online help for details.
          c:\program files\microsoft visual studio 12.0\vc\include\stdio.h(283) : see declaration of 'scanf'
\\psf\home\documents\stim\game_1\stim.c(397): warning C4996: 'scanf': This function or variable may be unsafe. Consider using scanf_s instead. To disable deprecation, use _CRT_SECURE_NO_WARNINGS. See online help for details.
          c:\program files\microsoft visual studio 12.0\vc\include\stdio.h(283) : see declaration of 'scanf'
\\psf\home\documents\stim\game_1\stim.c(406): warning C4244: '=' : conversion from 'double' to 'int', possible loss of data
\\psf\home\documents\stim\game_1\stim.c(408): warning C4244: '=' : conversion from 'double' to 'int', possible loss of data
\\psf\home\documents\stim\game_1\stim.c(410): warning C4244: '=' : conversion from 'double' to 'int', possible loss of data
\\psf\home\documents\stim\game_1\stim.c(412): warning C4244: '=' : conversion from 'double' to 'int', possible loss of data
\\psf\home\documents\stim\game_1\stim.c(416): warning C4244: '=' : conversion from 'double' to 'int', possible loss of data
\\psf\home\documents\stim\game_1\stim.c(437): warning C4244: '=' : conversion from 'double' to 'int', possible loss of data
\\psf\home\documents\stim\game_1\stim.c(438): warning C4244: '=' : conversion from 'double' to 'int', possible loss of data
\\psf\home\documents\stim\game_1\stim.c(439): warning C4244: '=' : conversion from 'double' to 'int', possible loss of data
\\psf\home\documents\stim\game_1\stim.c(440): warning C4244: '=' : conversion from 'double' to 'int', possible loss of data
\\psf\home\documents\stim\game_1\stim.c(441): warning C4244: '=' : conversion from 'double' to 'int', possible loss of data
\\psf\home\documents\stim\game_1\stim.c(443): warning C4244: '=' : conversion from 'double' to 'int', possible loss of data
\\psf\home\documents\stim\game_1\stim.c(444): warning C4244: '=' : conversion from 'double' to 'int', possible loss of data
\\psf\home\documents\stim\game_1\stim.c(452): warning C4244: '=' : conversion from 'double' to 'int', possible loss of data
\\psf\home\documents\stim\game_1\stim.c(453): warning C4244: '=' : conversion from 'double' to 'int', possible loss of data
\\psf\home\documents\stim\game_1\stim.c(454): warning C4244: '=' : conversion from 'double' to 'int', possible loss of data
\\psf\home\documents\stim\game_1\stim.c(455): warning C4244: '=' : conversion from 'double' to 'int', possible loss of data
\\psf\home\documents\stim\game_1\stim.c(456): warning C4244: '=' : conversion from 'double' to 'int', possible loss of data
\\psf\home\documents\stim\game_1\stim.c(458): warning C4244: '=' : conversion from 'double' to 'int', possible loss of data
\\psf\home\documents\stim\game_1\stim.c(460): warning C4244: '=' : conversion from 'double' to 'int', possible loss of data
\\psf\home\documents\stim\game_1\stim.c(462): warning C4244: '=' : conversion from 'double' to 'int', possible loss of data
\\psf\home\documents\stim\game_1\stim.c(472): warning C4244: '=' : conversion from 'double' to 'int', possible loss of data
\\psf\home\documents\stim\game_1\stim.c(473): warning C4244: '=' : conversion from 'double' to 'int', possible loss of data
\\psf\home\documents\stim\game_1\stim.c(474): warning C4244: '=' : conversion from 'double' to 'int', possible loss of data
\\psf\home\documents\stim\game_1\stim.c(475): warning C4244: '=' : conversion from 'double' to 'int', possible loss of data
\\psf\home\documents\stim\game_1\stim.c(476): warning C4244: '=' : conversion from 'double' to 'int', possible loss of data
\\psf\home\documents\stim\game_1\stim.c(478): warning C4244: '=' : conversion from 'double' to 'int', possible loss of data
\\psf\home\documents\stim\game_1\stim.c(480): warning C4244: '=' : conversion from 'double' to 'int', possible loss of data
\\psf\home\documents\stim\game_1\stim.c(486): warning C4244: 'initializing' : conversion from 'double' to 'int', possible loss of data
\\psf\home\documents\stim\game_1\stim.c(522): warning C4996: 'scanf': This function or variable may be unsafe. Consider using scanf_s instead. To disable deprecation, use _CRT_SECURE_NO_WARNINGS. See online help for details.
          c:\program files\microsoft visual studio 12.0\vc\include\stdio.h(283) : see declaration of 'scanf'
\\psf\home\documents\stim\game_1\stim.c(563): warning C4101: 'i' : unreferenced local variable
\\psf\home\documents\stim\game_1\stim.c(601): warning C4996: 'scanf': This function or variable may be unsafe. Consider using scanf_s instead. To disable deprecation, use _CRT_SECURE_NO_WARNINGS. See online help for details.
          c:\program files\microsoft visual studio 12.0\vc\include\stdio.h(283) : see declaration of 'scanf'
\\psf\home\documents\stim\game_1\stim.c(607): warning C4996: 'scanf': This function or variable may be unsafe. Consider using scanf_s instead. To disable deprecation, use _CRT_SECURE_NO_WARNINGS. See online help for details.
          c:\program files\microsoft visual studio 12.0\vc\include\stdio.h(283) : see declaration of 'scanf'
\\psf\home\documents\stim\game_1\stim.c(646): warning C4244: 'initializing' : conversion from 'double' to 'int', possible loss of data
\\psf\home\documents\stim\game_1\stim.c(728): warning C4996: 'scanf': This function or variable may be unsafe. Consider using scanf_s instead. To disable deprecation, use _CRT_SECURE_NO_WARNINGS. See online help for details.
          c:\program files\microsoft visual studio 12.0\vc\include\stdio.h(283) : see declaration of 'scanf'
\\psf\home\documents\stim\game_1\stim.c(736): warning C4996: 'scanf': This function or variable may be unsafe. Consider using scanf_s instead. To disable deprecation, use _CRT_SECURE_NO_WARNINGS. See online help for details.
          c:\program files\microsoft visual studio 12.0\vc\include\stdio.h(283) : see declaration of 'scanf'
\\psf\home\documents\stim\game_1\stim.c(722): warning C4101: 'answer3' : unreferenced local variable
\\psf\home\documents\stim\game_1\stim.c(759): warning C4996: 'scanf': This function or variable may be unsafe. Consider using scanf_s instead. To disable deprecation, use _CRT_SECURE_NO_WARNINGS. See online help for details.
          c:\program files\microsoft visual studio 12.0\vc\include\stdio.h(283) : see declaration of 'scanf'
\\psf\home\documents\stim\game_1\stim.c(757): warning C4101: 'answer2' : unreferenced local variable
\\psf\home\documents\stim\game_1\stim.c(757): warning C4101: 'answer3' : unreferenced local variable
\\psf\home\documents\stim\game_1\stim.c(773): warning C4996: 'scanf': This function or variable may be unsafe. Consider using scanf_s instead. To disable deprecation, use _CRT_SECURE_NO_WARNINGS. See online help for details.
          c:\program files\microsoft visual studio 12.0\vc\include\stdio.h(283) : see declaration of 'scanf'
\\psf\home\documents\stim\game_1\stim.c(790): warning C4996: 'scanf': This function or variable may be unsafe. Consider using scanf_s instead. To disable deprecation, use _CRT_SECURE_NO_WARNINGS. See online help for details.
          c:\program files\microsoft visual studio 12.0\vc\include\stdio.h(283) : see declaration of 'scanf'
\\psf\home\documents\stim\game_1\stim.c(798): warning C4996: 'scanf': This function or variable may be unsafe. Consider using scanf_s instead. To disable deprecation, use _CRT_SECURE_NO_WARNINGS. See online help for details.
          c:\program files\microsoft visual studio 12.0\vc\include\stdio.h(283) : see declaration of 'scanf'
\\psf\home\documents\stim\game_1\stim.c(964): warning C4244: '*=' : conversion from 'double' to 'int', possible loss of data
\\psf\home\documents\stim\game_1\stim.c(971): warning C4133: '==' : incompatible types - from 'char [13]' to 'WeaponPtr'
\\psf\home\documents\stim\game_1\stim.c(974): warning C4244: '=' : conversion from 'double' to 'int', possible loss of data
\\psf\home\documents\stim\game_1\stim.c(975): warning C4244: '=' : conversion from 'double' to 'int', possible loss of data
\\psf\home\documents\stim\game_1\stim.c(980): warning C4244: '=' : conversion from 'double' to 'int', possible loss of data
\\psf\home\documents\stim\game_1\stim.c(981): warning C4244: '=' : conversion from 'double' to 'int', possible loss of data
\\psf\home\documents\stim\game_1\stim.c(986): warning C4244: '=' : conversion from 'double' to 'int', possible loss of data
\\psf\home\documents\stim\game_1\stim.c(987): warning C4244: '=' : conversion from 'double' to 'int', possible loss of data
\\psf\home\documents\stim\game_1\stim.c(992): warning C4244: '=' : conversion from 'double' to 'int', possible loss of data
\\psf\home\documents\stim\game_1\stim.c(993): warning C4244: '=' : conversion from 'double' to 'int', possible loss of data
\\psf\home\documents\stim\game_1\stim.c(1019): warning C4244: '=' : conversion from 'double' to 'int', possible loss of data
\\psf\home\documents\stim\game_1\stim.c(1021): warning C4244: '=' : conversion from 'double' to 'int', possible loss of data
\\psf\home\documents\stim\game_1\stim.c(1036): warning C4996: 'scanf': This function or variable may be unsafe. Consider using scanf_s instead. To disable deprecation, use _CRT_SECURE_NO_WARNINGS. See online help for details.
          c:\program files\microsoft visual studio 12.0\vc\include\stdio.h(283) : see declaration of 'scanf'
\\psf\home\documents\stim\game_1\stim.c(1048): warning C4996: 'scanf': This function or variable may be unsafe. Consider using scanf_s instead. To disable deprecation, use _CRT_SECURE_NO_WARNINGS. See online help for details.
          c:\program files\microsoft visual studio 12.0\vc\include\stdio.h(283) : see declaration of 'scanf'
\\psf\home\documents\stim\game_1\stim.c(117): warning C4716: 'character_select' : must return a value
\\psf\home\documents\stim\game_1\stim.c(250): warning C4716: 'lv1_pick_monster' : must return a value
Link:
  C:\Program Files\Microsoft Visual Studio 12.0\VC\bin\link.exe /ERRORREPORT:PROMPT /OUT:"\\psf\Home\Documents\STim\Debug\Game_1.exe" /INCREMENTAL /NOLOGO kernel32.lib user32.lib gdi32.lib winspool.lib comdlg32.lib advapi32.lib shell32.lib ole32.lib oleaut32.lib uuid.lib odbc32.lib odbccp32.lib /MANIFEST /MANIFESTUAC:"level='asInvoker' uiAccess='false'" /manifest:embed /DEBUG /PDB:"\\psf\Home\Documents\STim\Debug\Game_1.pdb" /SUBSYSTEM:CONSOLE /TLBID:1 /DYNAMICBASE /NXCOMPAT /IMPLIB:"\\psf\Home\Documents\STim\Debug\Game_1.lib" /MACHINE:X86 Debug\Game_1.res
  Debug\Graphics.obj
  Debug\Stim.obj
  Game_1.vcxproj -> \\psf\Home\Documents\STim\Debug\Game_1.exe
Done Building Project "\\psf\Home\Documents\STim\Game_1\Game_1.vcxproj" (Build target(s)).

Build succeeded.

Time Elapsed 00:00:02.23
